2026-07-04 18:44:50.382: [INFO][Sync] Reset engine, reason: 8
2026-07-04 18:44:50.382: [INFO][Sync] Stopped: Bookmarks
2026-07-04 18:44:50.382: [INFO][Sync] Stopped: Preferences
2026-07-04 18:44:50.382: [INFO][Sync] Stopped: Passwords
2026-07-04 18:44:50.382: [INFO][Sync] Stopped: Autofill Profiles
2026-07-04 18:44:50.382: [INFO][Sync] Stopped: Autofill
2026-07-04 18:44:50.382: [INFO][Sync] Stopped: Extensions
2026-07-04 18:44:50.382: [INFO][Sync] Stopped: Sessions
2026-07-04 18:44:50.382: [INFO][Sync] Stopped: Extension settings
2026-07-04 18:44:50.382: [INFO][Sync] Stopped: History Delete Directives
2026-07-04 18:44:50.382: [INFO][Sync] Stopped: Device Info
2026-07-04 18:44:50.382: [INFO][Sync] Stopped: User Consents
2026-07-04 18:44:50.382: [INFO][Sync] Stopped: Send Tab To Self
2026-07-04 18:44:50.382: [INFO][Sync] Stopped: Web Apps
2026-07-04 18:44:50.382: [INFO][Sync] Stopped: History
2026-07-04 18:44:50.382: [INFO][Sync] Stopped: Saved Tab Group
2026-07-04 18:44:50.382: [INFO][Sync] Stopped: WebAuthn Credentials
2026-07-04 18:44:50.382: [INFO][Sync] Stopped: Edge E Drop
2026-07-04 18:44:50.382: [INFO][Sync] Stopped: Edge Hub App Usage
2026-07-04 18:44:50.382: [INFO][Sync] Stopped: Edge Journey
2026-07-04 18:44:50.382: [INFO][Sync] Stopped: Edge Workspace
2026-07-04 18:44:50.382: [INFO][Sync] SyncState after authenticated was: NotSignedIn
2026-07-04 18:44:50.579: [INFO][Sync] Reset engine, reason: 8
2026-07-04 18:44:50.582: [INFO][Sync] Stopped: Bookmarks
2026-07-04 18:44:50.582: [INFO][Sync] Stopped: Preferences
2026-07-04 18:44:50.582: [INFO][Sync] Stopped: Passwords
2026-07-04 18:44:50.582: [INFO][Sync] Stopped: Autofill Profiles
2026-07-04 18:44:50.582: [INFO][Sync] Stopped: Autofill
2026-07-04 18:44:50.582: [INFO][Sync] Stopped: Extensions
2026-07-04 18:44:50.582: [INFO][Sync] Stopped: Sessions
2026-07-04 18:44:50.582: [INFO][Sync] Stopped: Extension settings
2026-07-04 18:44:50.582: [INFO][Sync] Stopped: History Delete Directives
2026-07-04 18:44:50.582: [INFO][Sync] Stopped: Device Info
2026-07-04 18:44:50.582: [INFO][Sync] Stopped: User Consents
2026-07-04 18:44:50.582: [INFO][Sync] Stopped: Send Tab To Self
2026-07-04 18:44:50.582: [INFO][Sync] Stopped: Web Apps
2026-07-04 18:44:50.582: [INFO][Sync] Stopped: History
2026-07-04 18:44:50.582: [INFO][Sync] Stopped: Saved Tab Group
2026-07-04 18:44:50.582: [INFO][Sync] Stopped: WebAuthn Credentials
2026-07-04 18:44:50.582: [INFO][Sync] Stopped: Edge E Drop
2026-07-04 18:44:50.582: [INFO][Sync] Stopped: Edge Hub App Usage
2026-07-04 18:44:50.582: [INFO][Sync] Stopped: Edge Journey
2026-07-04 18:44:50.582: [INFO][Sync] Stopped: Edge Workspace
2026-07-04 18:44:58.590: [INFO][Sync] Reset engine, reason: 8
2026-07-04 18:44:58.590: [INFO][Sync] Stopped: Bookmarks
2026-07-04 18:44:58.590: [INFO][Sync] Stopped: Preferences
2026-07-04 18:44:58.590: [INFO][Sync] Stopped: Passwords
2026-07-04 18:44:58.590: [INFO][Sync] Stopped: Autofill Profiles
2026-07-04 18:44:58.590: [INFO][Sync] Stopped: Autofill
2026-07-04 18:44:58.590: [INFO][Sync] Stopped: Extensions
2026-07-04 18:44:58.590: [INFO][Sync] Stopped: Sessions
2026-07-04 18:44:58.590: [INFO][Sync] Stopped: Extension settings
2026-07-04 18:44:58.590: [INFO][Sync] Stopped: History Delete Directives
2026-07-04 18:44:58.590: [INFO][Sync] Stopped: Device Info
2026-07-04 18:44:58.590: [INFO][Sync] Stopped: User Consents
2026-07-04 18:44:58.590: [INFO][Sync] Stopped: Send Tab To Self
2026-07-04 18:44:58.590: [INFO][Sync] Stopped: Web Apps
2026-07-04 18:44:58.590: [INFO][Sync] Stopped: History
2026-07-04 18:44:58.590: [INFO][Sync] Stopped: Saved Tab Group
2026-07-04 18:44:58.590: [INFO][Sync] Stopped: WebAuthn Credentials
2026-07-04 18:44:58.590: [INFO][Sync] Stopped: Edge E Drop
2026-07-04 18:44:58.590: [INFO][Sync] Stopped: Edge Hub App Usage
2026-07-04 18:44:58.590: [INFO][Sync] Stopped: Edge Journey
2026-07-04 18:44:58.590: [INFO][Sync] Stopped: Edge Workspace
2026-07-04 18:44:58.590: [INFO][Sync] SyncState after authenticated was: NotSignedIn
2026-07-04 18:44:58.698: [INFO][Sync] Reset engine, reason: 8
2026-07-04 18:44:58.698: [INFO][Sync] Stopped: Bookmarks
2026-07-04 18:44:58.698: [INFO][Sync] Stopped: Preferences
2026-07-04 18:44:58.698: [INFO][Sync] Stopped: Passwords
2026-07-04 18:44:58.698: [INFO][Sync] Stopped: Autofill Profiles
2026-07-04 18:44:58.698: [INFO][Sync] Stopped: Autofill
2026-07-04 18:44:58.698: [INFO][Sync] Stopped: Extensions
2026-07-04 18:44:58.698: [INFO][Sync] Stopped: Sessions
2026-07-04 18:44:58.698: [INFO][Sync] Stopped: Extension settings
2026-07-04 18:44:58.698: [INFO][Sync] Stopped: History Delete Directives
2026-07-04 18:44:58.698: [INFO][Sync] Stopped: Device Info
2026-07-04 18:44:58.698: [INFO][Sync] Stopped: User Consents
2026-07-04 18:44:58.698: [INFO][Sync] Stopped: Send Tab To Self
2026-07-04 18:44:58.698: [INFO][Sync] Stopped: Web Apps
2026-07-04 18:44:58.698: [INFO][Sync] Stopped: History
2026-07-04 18:44:58.698: [INFO][Sync] Stopped: Saved Tab Group
2026-07-04 18:44:58.698: [INFO][Sync] Stopped: WebAuthn Credentials
2026-07-04 18:44:58.698: [INFO][Sync] Stopped: Edge E Drop
2026-07-04 18:44:58.698: [INFO][Sync] Stopped: Edge Hub App Usage
2026-07-04 18:44:58.698: [INFO][Sync] Stopped: Edge Journey
2026-07-04 18:44:58.698: [INFO][Sync] Stopped: Edge Workspace
2026-07-04 18:45:05.597: [INFO][Sync] Reset engine, reason: 0
2026-07-04 18:45:06.218: [INFO][Sync] Reset engine, reason: 8
2026-07-04 18:45:06.218: [INFO][Sync] Stopped: Bookmarks
2026-07-04 18:45:06.218: [INFO][Sync] Stopped: Preferences
2026-07-04 18:45:06.218: [INFO][Sync] Stopped: Passwords
2026-07-04 18:45:06.218: [INFO][Sync] Stopped: Autofill Profiles
2026-07-04 18:45:06.218: [INFO][Sync] Stopped: Autofill
2026-07-04 18:45:06.218: [INFO][Sync] Stopped: Extensions
2026-07-04 18:45:06.218: [INFO][Sync] Stopped: Sessions
2026-07-04 18:45:06.218: [INFO][Sync] Stopped: Extension settings
2026-07-04 18:45:06.218: [INFO][Sync] Stopped: History Delete Directives
2026-07-04 18:45:06.218: [INFO][Sync] Stopped: Device Info
2026-07-04 18:45:06.218: [INFO][Sync] Stopped: User Consents
2026-07-04 18:45:06.218: [INFO][Sync] Stopped: Send Tab To Self
2026-07-04 18:45:06.218: [INFO][Sync] Stopped: Web Apps
2026-07-04 18:45:06.218: [INFO][Sync] Stopped: History
2026-07-04 18:45:06.218: [INFO][Sync] Stopped: Saved Tab Group
2026-07-04 18:45:06.218: [INFO][Sync] Stopped: WebAuthn Credentials
2026-07-04 18:45:06.218: [INFO][Sync] Stopped: Edge E Drop
2026-07-04 18:45:06.218: [INFO][Sync] Stopped: Edge Hub App Usage
2026-07-04 18:45:06.218: [INFO][Sync] Stopped: Edge Journey
2026-07-04 18:45:06.218: [INFO][Sync] Stopped: Edge Workspace
2026-07-04 18:45:06.219: [INFO][Sync] SyncState after authenticated was: NotSignedIn
2026-07-04 18:45:06.350: [INFO][Sync] Reset engine, reason: 8
2026-07-04 18:45:06.350: [INFO][Sync] Stopped: Bookmarks
2026-07-04 18:45:06.350: [INFO][Sync] Stopped: Preferences
2026-07-04 18:45:06.350: [INFO][Sync] Stopped: Passwords
2026-07-04 18:45:06.350: [INFO][Sync] Stopped: Autofill Profiles
2026-07-04 18:45:06.350: [INFO][Sync] Stopped: Autofill
2026-07-04 18:45:06.350: [INFO][Sync] Stopped: Extensions
2026-07-04 18:45:06.350: [INFO][Sync] Stopped: Sessions
2026-07-04 18:45:06.350: [INFO][Sync] Stopped: Extension settings
2026-07-04 18:45:06.350: [INFO][Sync] Stopped: History Delete Directives
2026-07-04 18:45:06.350: [INFO][Sync] Stopped: Device Info
2026-07-04 18:45:06.350: [INFO][Sync] Stopped: User Consents
2026-07-04 18:45:06.350: [INFO][Sync] Stopped: Send Tab To Self
2026-07-04 18:45:06.350: [INFO][Sync] Stopped: Web Apps
2026-07-04 18:45:06.350: [INFO][Sync] Stopped: History
2026-07-04 18:45:06.350: [INFO][Sync] Stopped: Saved Tab Group
2026-07-04 18:45:06.350: [INFO][Sync] Stopped: WebAuthn Credentials
2026-07-04 18:45:06.350: [INFO][Sync] Stopped: Edge E Drop
2026-07-04 18:45:06.350: [INFO][Sync] Stopped: Edge Hub App Usage
2026-07-04 18:45:06.350: [INFO][Sync] Stopped: Edge Journey
2026-07-04 18:45:06.350: [INFO][Sync] Stopped: Edge Workspace
2026-07-04 18:45:13.157: [INFO][Sync] Reset engine, reason: 0
2026-07-04 18:45:13.731: [INFO][Sync] Reset engine, reason: 8
2026-07-04 18:45:13.731: [INFO][Sync] Stopped: Bookmarks
2026-07-04 18:45:13.731: [INFO][Sync] Stopped: Preferences
2026-07-04 18:45:13.731: [INFO][Sync] Stopped: Passwords
2026-07-04 18:45:13.731: [INFO][Sync] Stopped: Autofill Profiles
2026-07-04 18:45:13.731: [INFO][Sync] Stopped: Autofill
2026-07-04 18:45:13.731: [INFO][Sync] Stopped: Extensions
2026-07-04 18:45:13.731: [INFO][Sync] Stopped: Sessions
2026-07-04 18:45:13.731: [INFO][Sync] Stopped: Extension settings
2026-07-04 18:45:13.731: [INFO][Sync] Stopped: History Delete Directives
2026-07-04 18:45:13.731: [INFO][Sync] Stopped: Device Info
2026-07-04 18:45:13.731: [INFO][Sync] Stopped: User Consents
2026-07-04 18:45:13.731: [INFO][Sync] Stopped: Send Tab To Self
2026-07-04 18:45:13.731: [INFO][Sync] Stopped: Web Apps
2026-07-04 18:45:13.731: [INFO][Sync] Stopped: History
2026-07-04 18:45:13.731: [INFO][Sync] Stopped: Saved Tab Group
2026-07-04 18:45:13.731: [INFO][Sync] Stopped: WebAuthn Credentials
2026-07-04 18:45:13.731: [INFO][Sync] Stopped: Edge E Drop
2026-07-04 18:45:13.731: [INFO][Sync] Stopped: Edge Hub App Usage
2026-07-04 18:45:13.731: [INFO][Sync] Stopped: Edge Journey
2026-07-04 18:45:13.731: [INFO][Sync] Stopped: Edge Workspace
2026-07-04 18:45:13.731: [INFO][Sync] SyncState after authenticated was: NotSignedIn
2026-07-04 18:45:13.836: [INFO][Sync] Reset engine, reason: 8
2026-07-04 18:45:13.836: [INFO][Sync] Stopped: Bookmarks
2026-07-04 18:45:13.836: [INFO][Sync] Stopped: Preferences
2026-07-04 18:45:13.836: [INFO][Sync] Stopped: Passwords
2026-07-04 18:45:13.836: [INFO][Sync] Stopped: Autofill Profiles
2026-07-04 18:45:13.836: [INFO][Sync] Stopped: Autofill
2026-07-04 18:45:13.836: [INFO][Sync] Stopped: Extensions
2026-07-04 18:45:13.836: [INFO][Sync] Stopped: Sessions
2026-07-04 18:45:13.836: [INFO][Sync] Stopped: Extension settings
2026-07-04 18:45:13.836: [INFO][Sync] Stopped: History Delete Directives
2026-07-04 18:45:13.836: [INFO][Sync] Stopped: Device Info
2026-07-04 18:45:13.836: [INFO][Sync] Stopped: User Consents
2026-07-04 18:45:13.836: [INFO][Sync] Stopped: Send Tab To Self
2026-07-04 18:45:13.836: [INFO][Sync] Stopped: Web Apps
2026-07-04 18:45:13.836: [INFO][Sync] Stopped: History
2026-07-04 18:45:13.836: [INFO][Sync] Stopped: Saved Tab Group
2026-07-04 18:45:13.836: [INFO][Sync] Stopped: WebAuthn Credentials
2026-07-04 18:45:13.836: [INFO][Sync] Stopped: Edge E Drop
2026-07-04 18:45:13.836: [INFO][Sync] Stopped: Edge Hub App Usage
2026-07-04 18:45:13.836: [INFO][Sync] Stopped: Edge Journey
2026-07-04 18:45:13.836: [INFO][Sync] Stopped: Edge Workspace
2026-07-04 18:45:20.654: [INFO][Sync] Reset engine, reason: 0
2026-07-04 18:45:21.114: [INFO][Sync] Reset engine, reason: 8
2026-07-04 18:45:21.114: [INFO][Sync] Stopped: Bookmarks
2026-07-04 18:45:21.114: [INFO][Sync] Stopped: Preferences
2026-07-04 18:45:21.114: [INFO][Sync] Stopped: Passwords
2026-07-04 18:45:21.114: [INFO][Sync] Stopped: Autofill Profiles
2026-07-04 18:45:21.114: [INFO][Sync] Stopped: Autofill
2026-07-04 18:45:21.114: [INFO][Sync] Stopped: Extensions
2026-07-04 18:45:21.114: [INFO][Sync] Stopped: Sessions
2026-07-04 18:45:21.114: [INFO][Sync] Stopped: Extension settings
2026-07-04 18:45:21.114: [INFO][Sync] Stopped: History Delete Directives
2026-07-04 18:45:21.114: [INFO][Sync] Stopped: Device Info
2026-07-04 18:45:21.114: [INFO][Sync] Stopped: User Consents
2026-07-04 18:45:21.114: [INFO][Sync] Stopped: Send Tab To Self
2026-07-04 18:45:21.114: [INFO][Sync] Stopped: Web Apps
2026-07-04 18:45:21.114: [INFO][Sync] Stopped: History
2026-07-04 18:45:21.114: [INFO][Sync] Stopped: Saved Tab Group
2026-07-04 18:45:21.114: [INFO][Sync] Stopped: WebAuthn Credentials
2026-07-04 18:45:21.114: [INFO][Sync] Stopped: Edge E Drop
2026-07-04 18:45:21.114: [INFO][Sync] Stopped: Edge Hub App Usage
2026-07-04 18:45:21.114: [INFO][Sync] Stopped: Edge Journey
2026-07-04 18:45:21.114: [INFO][Sync] Stopped: Edge Workspace
2026-07-04 18:45:21.114: [INFO][Sync] SyncState after authenticated was: NotSignedIn
2026-07-04 18:45:21.208: [INFO][Sync] Reset engine, reason: 8
2026-07-04 18:45:21.208: [INFO][Sync] Stopped: Bookmarks
2026-07-04 18:45:21.208: [INFO][Sync] Stopped: Preferences
2026-07-04 18:45:21.208: [INFO][Sync] Stopped: Passwords
2026-07-04 18:45:21.208: [INFO][Sync] Stopped: Autofill Profiles
2026-07-04 18:45:21.208: [INFO][Sync] Stopped: Autofill
2026-07-04 18:45:21.208: [INFO][Sync] Stopped: Extensions
2026-07-04 18:45:21.208: [INFO][Sync] Stopped: Sessions
2026-07-04 18:45:21.208: [INFO][Sync] Stopped: Extension settings
2026-07-04 18:45:21.208: [INFO][Sync] Stopped: History Delete Directives
2026-07-04 18:45:21.208: [INFO][Sync] Stopped: Device Info
2026-07-04 18:45:21.208: [INFO][Sync] Stopped: User Consents
2026-07-04 18:45:21.208: [INFO][Sync] Stopped: Send Tab To Self
2026-07-04 18:45:21.208: [INFO][Sync] Stopped: Web Apps
2026-07-04 18:45:21.208: [INFO][Sync] Stopped: History
2026-07-04 18:45:21.208: [INFO][Sync] Stopped: Saved Tab Group
2026-07-04 18:45:21.208: [INFO][Sync] Stopped: WebAuthn Credentials
2026-07-04 18:45:21.208: [INFO][Sync] Stopped: Edge E Drop
2026-07-04 18:45:21.208: [INFO][Sync] Stopped: Edge Hub App Usage
2026-07-04 18:45:21.208: [INFO][Sync] Stopped: Edge Journey
2026-07-04 18:45:21.208: [INFO][Sync] Stopped: Edge Workspace
2026-07-04 18:45:25.027: [INFO][Sync] Reset engine, reason: 0
2026-07-04 18:45:25.520: [INFO][Sync] Reset engine, reason: 8
2026-07-04 18:45:25.520: [INFO][Sync] Stopped: Bookmarks
2026-07-04 18:45:25.520: [INFO][Sync] Stopped: Preferences
2026-07-04 18:45:25.520: [INFO][Sync] Stopped: Passwords
2026-07-04 18:45:25.520: [INFO][Sync] Stopped: Autofill Profiles
2026-07-04 18:45:25.520: [INFO][Sync] Stopped: Autofill
2026-07-04 18:45:25.520: [INFO][Sync] Stopped: Extensions
2026-07-04 18:45:25.520: [INFO][Sync] Stopped: Sessions
2026-07-04 18:45:25.520: [INFO][Sync] Stopped: Extension settings
2026-07-04 18:45:25.520: [INFO][Sync] Stopped: History Delete Directives
2026-07-04 18:45:25.520: [INFO][Sync] Stopped: Device Info
2026-07-04 18:45:25.520: [INFO][Sync] Stopped: User Consents
2026-07-04 18:45:25.520: [INFO][Sync] Stopped: Send Tab To Self
2026-07-04 18:45:25.520: [INFO][Sync] Stopped: Web Apps
2026-07-04 18:45:25.520: [INFO][Sync] Stopped: History
2026-07-04 18:45:25.520: [INFO][Sync] Stopped: Saved Tab Group
2026-07-04 18:45:25.520: [INFO][Sync] Stopped: WebAuthn Credentials
2026-07-04 18:45:25.520: [INFO][Sync] Stopped: Edge E Drop
2026-07-04 18:45:25.520: [INFO][Sync] Stopped: Edge Hub App Usage
2026-07-04 18:45:25.520: [INFO][Sync] Stopped: Edge Journey
2026-07-04 18:45:25.520: [INFO][Sync] Stopped: Edge Workspace
2026-07-04 18:45:25.520: [INFO][Sync] SyncState after authenticated was: NotSignedIn
2026-07-04 18:45:25.627: [INFO][Sync] Reset engine, reason: 8
2026-07-04 18:45:25.627: [INFO][Sync] Stopped: Bookmarks
2026-07-04 18:45:25.627: [INFO][Sync] Stopped: Preferences
2026-07-04 18:45:25.627: [INFO][Sync] Stopped: Passwords
2026-07-04 18:45:25.627: [INFO][Sync] Stopped: Autofill Profiles
2026-07-04 18:45:25.627: [INFO][Sync] Stopped: Autofill
2026-07-04 18:45:25.627: [INFO][Sync] Stopped: Extensions
2026-07-04 18:45:25.627: [INFO][Sync] Stopped: Sessions
2026-07-04 18:45:25.627: [INFO][Sync] Stopped: Extension settings
2026-07-04 18:45:25.627: [INFO][Sync] Stopped: History Delete Directives
2026-07-04 18:45:25.627: [INFO][Sync] Stopped: Device Info
2026-07-04 18:45:25.627: [INFO][Sync] Stopped: User Consents
2026-07-04 18:45:25.627: [INFO][Sync] Stopped: Send Tab To Self
2026-07-04 18:45:25.627: [INFO][Sync] Stopped: Web Apps
2026-07-04 18:45:25.627: [INFO][Sync] Stopped: History
2026-07-04 18:45:25.627: [INFO][Sync] Stopped: Saved Tab Group
2026-07-04 18:45:25.627: [INFO][Sync] Stopped: WebAuthn Credentials
2026-07-04 18:45:25.627: [INFO][Sync] Stopped: Edge E Drop
2026-07-04 18:45:25.627: [INFO][Sync] Stopped: Edge Hub App Usage
2026-07-04 18:45:25.627: [INFO][Sync] Stopped: Edge Journey
2026-07-04 18:45:25.627: [INFO][Sync] Stopped: Edge Workspace
2026-07-04 18:45:29.333: [INFO][Sync] Reset engine, reason: 0
